Copyright 1986-2022 Xilinx, Inc. All Rights Reserved. Copyright 2022-2024 Advanced Micro Devices, Inc. All Rights Reserved.
---------------------------------------------------------------------------------------------------------------------------------------------------------------------------------------------------------------------------
| Tool Version : Vivado v.2024.2 (win64) Build 5239630 Fri Nov 08 22:35:27 MST 2024
| Date         : Wed Jan 15 12:01:42 2025
| Host         : DESKTOP-JMIUPD7 running 64-bit major release  (build 9200)
| Command      : report_timing_summary -max_paths 10 -report_unconstrained -file Comparator_timing_summary_routed.rpt -pb Comparator_timing_summary_routed.pb -rpx Comparator_timing_summary_routed.rpx -warn_on_violation
| Design       : Comparator
| Device       : 7a35t-cpg236
| Speed File   : -1  PRODUCTION 1.23 2018-06-13
| Design State : Routed
---------------------------------------------------------------------------------------------------------------------------------------------------------------------------------------------------------------------------

Timing Summary Report

------------------------------------------------------------------------------------------------
| Timer Settings
| --------------
------------------------------------------------------------------------------------------------

  Enable Multi Corner Analysis               :  Yes
  Enable Pessimism Removal                   :  Yes
  Pessimism Removal Resolution               :  Nearest Common Node
  Enable Input Delay Default Clock           :  No
  Enable Preset / Clear Arcs                 :  No
  Disable Flight Delays                      :  No
  Ignore I/O Paths                           :  No
  Timing Early Launch at Borrowing Latches   :  No
  Borrow Time for Max Delay Exceptions       :  Yes
  Merge Timing Exceptions                    :  Yes
  Inter-SLR Compensation                     :  Conservative

  Corner  Analyze    Analyze    
  Name    Max Paths  Min Paths  
  ------  ---------  ---------  
  Slow    Yes        Yes        
  Fast    Yes        Yes        


------------------------------------------------------------------------------------------------
| Report Methodology
| ------------------
------------------------------------------------------------------------------------------------

No report available as report_methodology has not been run prior. Run report_methodology on the current design for the summary of methodology violations.



check_timing report

Table of Contents
-----------------
1. checking no_clock (0)
2. checking constant_clock (0)
3. checking pulse_width_clock (0)
4. checking unconstrained_internal_endpoints (0)
5. checking no_input_delay (0)
6. checking no_output_delay (0)
7. checking multiple_clock (0)
8. checking generated_clocks (0)
9. checking loops (0)
10. checking partial_input_delay (0)
11. checking partial_output_delay (0)
12. checking latch_loops (0)

1. checking no_clock (0)
------------------------
 There are 0 register/latch pins with no clock.


2. checking constant_clock (0)
------------------------------
 There are 0 register/latch pins with constant_clock.


3. checking pulse_width_clock (0)
---------------------------------
 There are 0 register/latch pins which need pulse_width check


4. checking unconstrained_internal_endpoints (0)
------------------------------------------------
 There are 0 pins that are not constrained for maximum delay.

 There are 0 pins that are not constrained for maximum delay due to constant clock.


5. checking no_input_delay (0)
------------------------------
 There are 0 input ports with no input delay specified.

 There are 0 input ports with no input delay but user has a false path constraint.


6. checking no_output_delay (0)
-------------------------------
 There are 0 ports with no output delay specified.

 There are 0 ports with no output delay but user has a false path constraint

 There are 0 ports with no output delay but with a timing clock defined on it or propagating through it


7. checking multiple_clock (0)
------------------------------
 There are 0 register/latch pins with multiple clocks.


8. checking generated_clocks (0)
--------------------------------
 There are 0 generated clocks that are not connected to a clock source.


9. checking loops (0)
---------------------
 There are 0 combinational loops in the design.


10. checking partial_input_delay (0)
------------------------------------
 There are 0 input ports with partial input delay specified.


11. checking partial_output_delay (0)
-------------------------------------
 There are 0 ports with partial output delay specified.


12. checking latch_loops (0)
----------------------------
 There are 0 combinational latch loops in the design through latch input



------------------------------------------------------------------------------------------------
| Design Timing Summary
| ---------------------
------------------------------------------------------------------------------------------------

    WNS(ns)      TNS(ns)  TNS Failing Endpoints  TNS Total Endpoints      WHS(ns)      THS(ns)  THS Failing Endpoints  THS Total Endpoints     WPWS(ns)     TPWS(ns)  TPWS Failing Endpoints  TPWS Total Endpoints  
    -------      -------  ---------------------  -------------------      -------      -------  ---------------------  -------------------     --------     --------  ----------------------  --------------------  
        inf        0.000                      0                    6          inf        0.000                      0                    6           NA           NA                      NA                    NA  


There are no user specified timing constraints.


------------------------------------------------------------------------------------------------
| Clock Summary
| -------------
------------------------------------------------------------------------------------------------


------------------------------------------------------------------------------------------------
| Intra Clock Table
| -----------------
------------------------------------------------------------------------------------------------

Clock             WNS(ns)      TNS(ns)  TNS Failing Endpoints  TNS Total Endpoints      WHS(ns)      THS(ns)  THS Failing Endpoints  THS Total Endpoints     WPWS(ns)     TPWS(ns)  TPWS Failing Endpoints  TPWS Total Endpoints  
-----             -------      -------  ---------------------  -------------------      -------      -------  ---------------------  -------------------     --------     --------  ----------------------  --------------------  


------------------------------------------------------------------------------------------------
| Inter Clock Table
| -----------------
------------------------------------------------------------------------------------------------

From Clock    To Clock          WNS(ns)      TNS(ns)  TNS Failing Endpoints  TNS Total Endpoints      WHS(ns)      THS(ns)  THS Failing Endpoints  THS Total Endpoints  
----------    --------          -------      -------  ---------------------  -------------------      -------      -------  ---------------------  -------------------  


------------------------------------------------------------------------------------------------
| Other Path Groups Table
| -----------------------
------------------------------------------------------------------------------------------------

Path Group    From Clock    To Clock          WNS(ns)      TNS(ns)  TNS Failing Endpoints  TNS Total Endpoints      WHS(ns)      THS(ns)  THS Failing Endpoints  THS Total Endpoints  
----------    ----------    --------          -------      -------  ---------------------  -------------------      -------      -------  ---------------------  -------------------  


------------------------------------------------------------------------------------------------
| User Ignored Path Table
| -----------------------
------------------------------------------------------------------------------------------------

Path Group    From Clock    To Clock    
----------    ----------    --------    


------------------------------------------------------------------------------------------------
| Unconstrained Path Table
| ------------------------
------------------------------------------------------------------------------------------------

Path Group    From Clock    To Clock    
----------    ----------    --------    
(none)                                    


------------------------------------------------------------------------------------------------
| Timing Details
| --------------
------------------------------------------------------------------------------------------------


--------------------------------------------------------------------------------------
Path Group:  (none)
From Clock:  
  To Clock:  

Max Delay             6 Endpoints
Min Delay             6 Endpoints
--------------------------------------------------------------------------------------


Max Delay Paths
--------------------------------------------------------------------------------------
Slack:                    inf
  Source:                 B[1]
                            (input port)
  Destination:            seg[1]
                            (output port)
  Path Group:             (none)
  Path Type:              Max at Slow Process Corner
  Data Path Delay:        12.495ns  (logic 5.367ns (42.953%)  route 7.128ns (57.047%))
  Logic Levels:           5  (IBUF=1 LUT3=1 LUT4=1 LUT6=1 OBUF=1)

    Location             Delay type                Incr(ns)  Path(ns)    Netlist Resource(s)
  -------------------------------------------------------------------    -------------------
    V15                                               0.000     0.000 f  B[1] (IN)
                         net (fo=0)                   0.000     0.000    B[1]
    V15                  IBUF (Prop_ibuf_I_O)         1.466     1.466 f  B_IBUF[1]_inst/O
                         net (fo=2, routed)           1.520     2.986    B_IBUF[1]
    SLICE_X0Y10          LUT6 (Prop_lut6_I3_O)        0.124     3.110 f  seg_OBUF[6]_inst_i_7/O
                         net (fo=1, routed)           0.484     3.594    seg_OBUF[6]_inst_i_7_n_0
    SLICE_X0Y10          LUT3 (Prop_lut3_I0_O)        0.124     3.718 f  seg_OBUF[6]_inst_i_5/O
                         net (fo=4, routed)           2.981     6.699    A_less_B
    SLICE_X63Y16         LUT4 (Prop_lut4_I3_O)        0.124     6.823 r  seg_OBUF[2]_inst_i_1/O
                         net (fo=2, routed)           2.143     8.966    seg_OBUF[1]
    W6                   OBUF (Prop_obuf_I_O)         3.529    12.495 r  seg_OBUF[1]_inst/O
                         net (fo=0)                   0.000    12.495    seg[1]
    W6                                                                r  seg[1] (OUT)
  -------------------------------------------------------------------    -------------------

Slack:                    inf
  Source:                 B[1]
                            (input port)
  Destination:            seg[2]
                            (output port)
  Path Group:             (none)
  Path Type:              Max at Slow Process Corner
  Data Path Delay:        12.362ns  (logic 5.373ns (43.464%)  route 6.989ns (56.536%))
  Logic Levels:           5  (IBUF=1 LUT3=1 LUT4=1 LUT6=1 OBUF=1)

    Location             Delay type                Incr(ns)  Path(ns)    Netlist Resource(s)
  -------------------------------------------------------------------    -------------------
    V15                                               0.000     0.000 f  B[1] (IN)
                         net (fo=0)                   0.000     0.000    B[1]
    V15                  IBUF (Prop_ibuf_I_O)         1.466     1.466 f  B_IBUF[1]_inst/O
                         net (fo=2, routed)           1.520     2.986    B_IBUF[1]
    SLICE_X0Y10          LUT6 (Prop_lut6_I3_O)        0.124     3.110 f  seg_OBUF[6]_inst_i_7/O
                         net (fo=1, routed)           0.484     3.594    seg_OBUF[6]_inst_i_7_n_0
    SLICE_X0Y10          LUT3 (Prop_lut3_I0_O)        0.124     3.718 f  seg_OBUF[6]_inst_i_5/O
                         net (fo=4, routed)           2.981     6.699    A_less_B
    SLICE_X63Y16         LUT4 (Prop_lut4_I3_O)        0.124     6.823 r  seg_OBUF[2]_inst_i_1/O
                         net (fo=2, routed)           2.004     8.827    seg_OBUF[1]
    U8                   OBUF (Prop_obuf_I_O)         3.535    12.362 r  seg_OBUF[2]_inst/O
                         net (fo=0)                   0.000    12.362    seg[2]
    U8                                                                r  seg[2] (OUT)
  -------------------------------------------------------------------    -------------------

Slack:                    inf
  Source:                 B[1]
                            (input port)
  Destination:            seg[3]
                            (output port)
  Path Group:             (none)
  Path Type:              Max at Slow Process Corner
  Data Path Delay:        12.001ns  (logic 5.374ns (44.776%)  route 6.628ns (55.224%))
  Logic Levels:           5  (IBUF=1 LUT3=1 LUT6=2 OBUF=1)

    Location             Delay type                Incr(ns)  Path(ns)    Netlist Resource(s)
  -------------------------------------------------------------------    -------------------
    V15                                               0.000     0.000 f  B[1] (IN)
                         net (fo=0)                   0.000     0.000    B[1]
    V15                  IBUF (Prop_ibuf_I_O)         1.466     1.466 f  B_IBUF[1]_inst/O
                         net (fo=2, routed)           1.520     2.986    B_IBUF[1]
    SLICE_X0Y10          LUT6 (Prop_lut6_I3_O)        0.124     3.110 f  seg_OBUF[6]_inst_i_7/O
                         net (fo=1, routed)           0.484     3.594    seg_OBUF[6]_inst_i_7_n_0
    SLICE_X0Y10          LUT3 (Prop_lut3_I0_O)        0.124     3.718 f  seg_OBUF[6]_inst_i_5/O
                         net (fo=4, routed)           2.756     6.474    A_less_B
    SLICE_X63Y16         LUT6 (Prop_lut6_I5_O)        0.124     6.598 r  seg_OBUF[3]_inst_i_1/O
                         net (fo=1, routed)           1.867     8.466    seg_OBUF[3]
    V8                   OBUF (Prop_obuf_I_O)         3.536    12.001 r  seg_OBUF[3]_inst/O
                         net (fo=0)                   0.000    12.001    seg[3]
    V8                                                                r  seg[3] (OUT)
  -------------------------------------------------------------------    -------------------

Slack:                    inf
  Source:                 B[1]
                            (input port)
  Destination:            seg[4]
                            (output port)
  Path Group:             (none)
  Path Type:              Max at Slow Process Corner
  Data Path Delay:        11.937ns  (logic 5.358ns (44.885%)  route 6.579ns (55.115%))
  Logic Levels:           5  (IBUF=1 LUT3=1 LUT6=2 OBUF=1)

    Location             Delay type                Incr(ns)  Path(ns)    Netlist Resource(s)
  -------------------------------------------------------------------    -------------------
    V15                                               0.000     0.000 r  B[1] (IN)
                         net (fo=0)                   0.000     0.000    B[1]
    V15                  IBUF (Prop_ibuf_I_O)         1.466     1.466 r  B_IBUF[1]_inst/O
                         net (fo=2, routed)           1.520     2.986    B_IBUF[1]
    SLICE_X0Y10          LUT6 (Prop_lut6_I3_O)        0.124     3.110 r  seg_OBUF[6]_inst_i_7/O
                         net (fo=1, routed)           0.484     3.594    seg_OBUF[6]_inst_i_7_n_0
    SLICE_X0Y10          LUT3 (Prop_lut3_I0_O)        0.124     3.718 r  seg_OBUF[6]_inst_i_5/O
                         net (fo=4, routed)           2.754     6.472    A_less_B
    SLICE_X63Y16         LUT6 (Prop_lut6_I4_O)        0.124     6.596 r  seg_OBUF[5]_inst_i_1/O
                         net (fo=2, routed)           1.821     8.417    seg_OBUF[4]
    U5                   OBUF (Prop_obuf_I_O)         3.520    11.937 r  seg_OBUF[4]_inst/O
                         net (fo=0)                   0.000    11.937    seg[4]
    U5                                                                r  seg[4] (OUT)
  -------------------------------------------------------------------    -------------------

Slack:                    inf
  Source:                 A[1]
                            (input port)
  Destination:            seg[6]
                            (output port)
  Path Group:             (none)
  Path Type:              Max at Slow Process Corner
  Data Path Delay:        11.897ns  (logic 5.593ns (47.009%)  route 6.305ns (52.991%))
  Logic Levels:           5  (IBUF=1 LUT3=1 LUT6=2 OBUF=1)

    Location             Delay type                Incr(ns)  Path(ns)    Netlist Resource(s)
  -------------------------------------------------------------------    -------------------
    V16                                               0.000     0.000 r  A[1] (IN)
                         net (fo=0)                   0.000     0.000    A[1]
    V16                  IBUF (Prop_ibuf_I_O)         1.461     1.461 r  A_IBUF[1]_inst/O
                         net (fo=4, routed)           1.579     3.040    A_IBUF[1]
    SLICE_X0Y10          LUT6 (Prop_lut6_I5_O)        0.124     3.164 f  seg_OBUF[6]_inst_i_6/O
                         net (fo=1, routed)           0.444     3.608    seg_OBUF[6]_inst_i_6_n_0
    SLICE_X0Y10          LUT3 (Prop_lut3_I2_O)        0.150     3.758 f  seg_OBUF[6]_inst_i_4/O
                         net (fo=3, routed)           2.573     6.331    A_equal_B0
    SLICE_X63Y16         LUT6 (Prop_lut6_I4_O)        0.326     6.657 r  seg_OBUF[6]_inst_i_1/O
                         net (fo=1, routed)           1.709     8.366    seg_OBUF[6]
    U7                   OBUF (Prop_obuf_I_O)         3.531    11.897 r  seg_OBUF[6]_inst/O
                         net (fo=0)                   0.000    11.897    seg[6]
    U7                                                                r  seg[6] (OUT)
  -------------------------------------------------------------------    -------------------

Slack:                    inf
  Source:                 B[1]
                            (input port)
  Destination:            seg[5]
                            (output port)
  Path Group:             (none)
  Path Type:              Max at Slow Process Corner
  Data Path Delay:        11.780ns  (logic 5.342ns (45.350%)  route 6.438ns (54.650%))
  Logic Levels:           5  (IBUF=1 LUT3=1 LUT6=2 OBUF=1)

    Location             Delay type                Incr(ns)  Path(ns)    Netlist Resource(s)
  -------------------------------------------------------------------    -------------------
    V15                                               0.000     0.000 r  B[1] (IN)
                         net (fo=0)                   0.000     0.000    B[1]
    V15                  IBUF (Prop_ibuf_I_O)         1.466     1.466 r  B_IBUF[1]_inst/O
                         net (fo=2, routed)           1.520     2.986    B_IBUF[1]
    SLICE_X0Y10          LUT6 (Prop_lut6_I3_O)        0.124     3.110 r  seg_OBUF[6]_inst_i_7/O
                         net (fo=1, routed)           0.484     3.594    seg_OBUF[6]_inst_i_7_n_0
    SLICE_X0Y10          LUT3 (Prop_lut3_I0_O)        0.124     3.718 r  seg_OBUF[6]_inst_i_5/O
                         net (fo=4, routed)           2.754     6.472    A_less_B
    SLICE_X63Y16         LUT6 (Prop_lut6_I4_O)        0.124     6.596 r  seg_OBUF[5]_inst_i_1/O
                         net (fo=2, routed)           1.680     8.276    seg_OBUF[4]
    V5                   OBUF (Prop_obuf_I_O)         3.504    11.780 r  seg_OBUF[5]_inst/O
                         net (fo=0)                   0.000    11.780    seg[5]
    V5                                                                r  seg[5] (OUT)
  -------------------------------------------------------------------    -------------------





Min Delay Paths
--------------------------------------------------------------------------------------
Slack:                    inf
  Source:                 C[3]
                            (input port)
  Destination:            seg[6]
                            (output port)
  Path Group:             (none)
  Path Type:              Min at Fast Process Corner
  Data Path Delay:        2.763ns  (logic 1.509ns (54.613%)  route 1.254ns (45.387%))
  Logic Levels:           3  (IBUF=1 LUT6=1 OBUF=1)

    Location             Delay type                Incr(ns)  Path(ns)    Netlist Resource(s)
  -------------------------------------------------------------------    -------------------
    R3                                                0.000     0.000 r  C[3] (IN)
                         net (fo=0)                   0.000     0.000    C[3]
    R3                   IBUF (Prop_ibuf_I_O)         0.232     0.232 r  C_IBUF[3]_inst/O
                         net (fo=4, routed)           0.905     1.137    C_IBUF[3]
    SLICE_X63Y16         LUT6 (Prop_lut6_I1_O)        0.045     1.182 r  seg_OBUF[6]_inst_i_1/O
                         net (fo=1, routed)           0.349     1.531    seg_OBUF[6]
    U7                   OBUF (Prop_obuf_I_O)         1.232     2.763 r  seg_OBUF[6]_inst/O
                         net (fo=0)                   0.000     2.763    seg[6]
    U7                                                                r  seg[6] (OUT)
  -------------------------------------------------------------------    -------------------

Slack:                    inf
  Source:                 C[3]
                            (input port)
  Destination:            seg[5]
                            (output port)
  Path Group:             (none)
  Path Type:              Min at Fast Process Corner
  Data Path Delay:        2.860ns  (logic 1.482ns (51.839%)  route 1.377ns (48.161%))
  Logic Levels:           3  (IBUF=1 LUT6=1 OBUF=1)

    Location             Delay type                Incr(ns)  Path(ns)    Netlist Resource(s)
  -------------------------------------------------------------------    -------------------
    R3                                                0.000     0.000 r  C[3] (IN)
                         net (fo=0)                   0.000     0.000    C[3]
    R3                   IBUF (Prop_ibuf_I_O)         0.232     0.232 r  C_IBUF[3]_inst/O
                         net (fo=4, routed)           1.043     1.275    C_IBUF[3]
    SLICE_X63Y16         LUT6 (Prop_lut6_I1_O)        0.045     1.320 r  seg_OBUF[5]_inst_i_1/O
                         net (fo=2, routed)           0.334     1.654    seg_OBUF[4]
    V5                   OBUF (Prop_obuf_I_O)         1.206     2.860 r  seg_OBUF[5]_inst/O
                         net (fo=0)                   0.000     2.860    seg[5]
    V5                                                                r  seg[5] (OUT)
  -------------------------------------------------------------------    -------------------

Slack:                    inf
  Source:                 C[3]
                            (input port)
  Destination:            seg[2]
                            (output port)
  Path Group:             (none)
  Path Type:              Min at Fast Process Corner
  Data Path Delay:        2.889ns  (logic 1.513ns (52.361%)  route 1.376ns (47.639%))
  Logic Levels:           3  (IBUF=1 LUT4=1 OBUF=1)

    Location             Delay type                Incr(ns)  Path(ns)    Netlist Resource(s)
  -------------------------------------------------------------------    -------------------
    R3                                                0.000     0.000 f  C[3] (IN)
                         net (fo=0)                   0.000     0.000    C[3]
    R3                   IBUF (Prop_ibuf_I_O)         0.232     0.232 f  C_IBUF[3]_inst/O
                         net (fo=4, routed)           0.905     1.137    C_IBUF[3]
    SLICE_X63Y16         LUT4 (Prop_lut4_I2_O)        0.045     1.182 r  seg_OBUF[2]_inst_i_1/O
                         net (fo=2, routed)           0.471     1.653    seg_OBUF[1]
    U8                   OBUF (Prop_obuf_I_O)         1.236     2.889 r  seg_OBUF[2]_inst/O
                         net (fo=0)                   0.000     2.889    seg[2]
    U8                                                                r  seg[2] (OUT)
  -------------------------------------------------------------------    -------------------

Slack:                    inf
  Source:                 C[3]
                            (input port)
  Destination:            seg[4]
                            (output port)
  Path Group:             (none)
  Path Type:              Min at Fast Process Corner
  Data Path Delay:        2.930ns  (logic 1.498ns (51.117%)  route 1.432ns (48.883%))
  Logic Levels:           3  (IBUF=1 LUT6=1 OBUF=1)

    Location             Delay type                Incr(ns)  Path(ns)    Netlist Resource(s)
  -------------------------------------------------------------------    -------------------
    R3                                                0.000     0.000 r  C[3] (IN)
                         net (fo=0)                   0.000     0.000    C[3]
    R3                   IBUF (Prop_ibuf_I_O)         0.232     0.232 r  C_IBUF[3]_inst/O
                         net (fo=4, routed)           1.043     1.275    C_IBUF[3]
    SLICE_X63Y16         LUT6 (Prop_lut6_I1_O)        0.045     1.320 r  seg_OBUF[5]_inst_i_1/O
                         net (fo=2, routed)           0.389     1.709    seg_OBUF[4]
    U5                   OBUF (Prop_obuf_I_O)         1.221     2.930 r  seg_OBUF[4]_inst/O
                         net (fo=0)                   0.000     2.930    seg[4]
    U5                                                                r  seg[4] (OUT)
  -------------------------------------------------------------------    -------------------

Slack:                    inf
  Source:                 C[3]
                            (input port)
  Destination:            seg[1]
                            (output port)
  Path Group:             (none)
  Path Type:              Min at Fast Process Corner
  Data Path Delay:        2.936ns  (logic 1.507ns (51.319%)  route 1.429ns (48.681%))
  Logic Levels:           3  (IBUF=1 LUT4=1 OBUF=1)

    Location             Delay type                Incr(ns)  Path(ns)    Netlist Resource(s)
  -------------------------------------------------------------------    -------------------
    R3                                                0.000     0.000 f  C[3] (IN)
                         net (fo=0)                   0.000     0.000    C[3]
    R3                   IBUF (Prop_ibuf_I_O)         0.232     0.232 f  C_IBUF[3]_inst/O
                         net (fo=4, routed)           0.905     1.137    C_IBUF[3]
    SLICE_X63Y16         LUT4 (Prop_lut4_I2_O)        0.045     1.182 r  seg_OBUF[2]_inst_i_1/O
                         net (fo=2, routed)           0.524     1.706    seg_OBUF[1]
    W6                   OBUF (Prop_obuf_I_O)         1.230     2.936 r  seg_OBUF[1]_inst/O
                         net (fo=0)                   0.000     2.936    seg[1]
    W6                                                                r  seg[1] (OUT)
  -------------------------------------------------------------------    -------------------

Slack:                    inf
  Source:                 C[3]
                            (input port)
  Destination:            seg[3]
                            (output port)
  Path Group:             (none)
  Path Type:              Min at Fast Process Corner
  Data Path Delay:        2.980ns  (logic 1.513ns (50.781%)  route 1.467ns (49.219%))
  Logic Levels:           3  (IBUF=1 LUT6=1 OBUF=1)

    Location             Delay type                Incr(ns)  Path(ns)    Netlist Resource(s)
  -------------------------------------------------------------------    -------------------
    R3                                                0.000     0.000 r  C[3] (IN)
                         net (fo=0)                   0.000     0.000    C[3]
    R3                   IBUF (Prop_ibuf_I_O)         0.232     0.232 r  C_IBUF[3]_inst/O
                         net (fo=4, routed)           1.044     1.276    C_IBUF[3]
    SLICE_X63Y16         LUT6 (Prop_lut6_I1_O)        0.045     1.321 r  seg_OBUF[3]_inst_i_1/O
                         net (fo=1, routed)           0.422     1.743    seg_OBUF[3]
    V8                   OBUF (Prop_obuf_I_O)         1.236     2.980 r  seg_OBUF[3]_inst/O
                         net (fo=0)                   0.000     2.980    seg[3]
    V8                                                                r  seg[3] (OUT)
  -------------------------------------------------------------------    -------------------





